<?xml version="1.0" encoding="UTF-8"?>
<!-- Generated by org.testng.reporters.JUnitReportReporter -->
<testsuite hostname="DESKTOP-CBFC25M" failures="0" tests="6" name="mysele.ParallelEx" time="0.020" errors="0" timestamp="2022-01-31T18:37:37 IST" skipped="0">
  <testcase classname="mysele.ParallelEx" name="test3" time="0.001"/>
  <system-out/>
  <testcase classname="mysele.ParallelEx" name="test6" time="0.002"/>
  <system-out/>
  <testcase classname="mysele.ParallelEx" name="test4" time="0.002"/>
  <system-out/>
  <testcase classname="mysele.ParallelEx" name="test1" time="0.010"/>
  <system-out/>
  <testcase classname="mysele.ParallelEx" name="test2" time="0.001"/>
  <system-out/>
  <testcase classname="mysele.ParallelEx" name="test5" time="0.004"/>
  <system-out/>
</testsuite> <!-- mysele.ParallelEx -->
