<?xml version="1.0" encoding="UTF-8"?>
<!-- Generated by org.testng.reporters.JUnitReportReporter -->
<testsuite hostname="DESKTOP-CBFC25M" failures="0" tests="4" name="mysele.DependsOnExample" time="8.052" errors="0" timestamp="2022-01-28T22:06:08 IST" skipped="0">
  <testcase classname="mysele.DependsOnExample" name="insert" time="2.017"/>
  <system-out/>
  <testcase classname="mysele.DependsOnExample" name="select" time="2.003"/>
  <system-out/>
  <testcase classname="mysele.DependsOnExample" name="delete" time="2.015"/>
  <system-out/>
  <testcase classname="mysele.DependsOnExample" name="update" time="2.017"/>
  <system-out/>
</testsuite> <!-- mysele.DependsOnExample -->
