<?xml version="1.0" encoding="UTF-8"?>
<!-- Generated by org.testng.reporters.JUnitReportReporter -->
<testsuite hostname="DESKTOP-CBFC25M" failures="0" tests="3" name="mysele.DataProviderEx" time="0.011" errors="0" timestamp="2022-01-31T10:27:37 IST" skipped="0">
  <testcase classname="mysele.DataProviderEx" name="setData" time="0.002"/>
  <system-out/>
  <testcase classname="mysele.DataProviderEx" name="setData" time="0.007"/>
  <system-out/>
  <testcase classname="mysele.DataProviderEx" name="setData" time="0.002"/>
  <system-out/>
</testsuite> <!-- mysele.DataProviderEx -->
