<?xml version="1.0" encoding="UTF-8"?>
<!-- Generated by org.testng.reporters.JUnitReportReporter -->
<testsuite hostname="DESKTOP-CBFC25M" failures="0" tests="5" name="mysele.PriorityExample1" time="0.014" errors="0" timestamp="2022-01-31T19:45:55 IST" skipped="0">
  <testcase classname="mysele.PriorityExample1" name="b_method" time="0.002"/>
  <system-out/>
  <testcase classname="mysele.PriorityExample1" name="c_method" time="0.001"/>
  <system-out/>
  <testcase classname="mysele.PriorityExample1" name="a_method" time="0.009"/>
  <system-out/>
  <testcase classname="mysele.PriorityExample1" name="d_method" time="0.001"/>
  <system-out/>
  <testcase classname="mysele.PriorityExample1" name="e_method" time="0.001"/>
  <system-out/>
</testsuite> <!-- mysele.PriorityExample1 -->
