<?xml version="1.0" encoding="UTF-8"?>
<!-- Generated by org.testng.reporters.JUnitReportReporter -->
<testsuite hostname="DESKTOP-CBFC25M" failures="0" tests="1" name="mysele.AssertEqualsEx" time="3.879" errors="0" timestamp="2022-01-31T18:16:59 IST" skipped="0">
  <testcase classname="mysele.AssertEqualsEx" name="testCaseVerifyHomePage" time="3.879"/>
  <system-out/>
</testsuite> <!-- mysele.AssertEqualsEx -->
