<?xml version="1.0" encoding="UTF-8"?>
<!-- Generated by org.testng.reporters.JUnitReportReporter -->
<testsuite hostname="DESKTOP-CBFC25M" failures="0" tests="5" name="mysele.PriorityExample" time="0.018" errors="0" timestamp="2022-01-31T13:38:49 IST" skipped="0">
  <testcase classname="mysele.PriorityExample" name="e_method" time="0.011"/>
  <system-out/>
  <testcase classname="mysele.PriorityExample" name="a_method" time="0.002"/>
  <system-out/>
  <testcase classname="mysele.PriorityExample" name="d_method" time="0.001"/>
  <system-out/>
  <testcase classname="mysele.PriorityExample" name="c_method" time="0.002"/>
  <system-out/>
  <testcase classname="mysele.PriorityExample" name="b_method" time="0.002"/>
  <system-out/>
</testsuite> <!-- mysele.PriorityExample -->
