<?xml version="1.0" encoding="UTF-8"?>
<!-- Generated by org.testng.reporters.JUnitReportReporter -->
<testsuite hostname="DESKTOP-CBFC25M" failures="0" tests="6" name="mysele.DependsOnExampleTwo" time="0.014" errors="0" timestamp="2022-01-28T22:08:15 IST" skipped="0">
  <testcase classname="mysele.DependsOnExampleTwo" name="update" time="0.001"/>
  <system-out/>
  <testcase classname="mysele.DependsOnExampleTwo" name="delete" time="0.001"/>
  <system-out/>
  <testcase classname="mysele.DependsOnExampleTwo" name="init" time="0.009"/>
  <system-out/>
  <testcase classname="mysele.DependsOnExampleTwo" name="select" time="0.001"/>
  <system-out/>
  <testcase classname="mysele.DependsOnExampleTwo" name="cleanup" time="0.001"/>
  <system-out/>
  <testcase classname="mysele.DependsOnExampleTwo" name="insert" time="0.001"/>
  <system-out/>
</testsuite> <!-- mysele.DependsOnExampleTwo -->
