<?xml version="1.0" encoding="UTF-8"?>
<!-- Generated by org.testng.reporters.JUnitReportReporter -->
<testsuite hostname="DESKTOP-CBFC25M" failures="0" tests="1" name="mysele.ExtentExample" time="0.203" errors="0" timestamp="2022-02-01T10:07:12 IST" skipped="0">
  <testcase classname="mysele.ExtentExample" name="loginTest" time="0.203"/>
  <system-out/>
</testsuite> <!-- mysele.ExtentExample -->
