<?xml version="1.0" encoding="UTF-8"?>
<!-- Generated by org.testng.reporters.JUnitReportReporter -->
<testsuite hostname="DESKTOP-CBFC25M" failures="0" tests="1" name="mysele.AnnotationExample" time="0.008" errors="0" timestamp="2022-01-31T19:37:42 IST" skipped="0">
  <testcase classname="mysele.AnnotationExample" name="test1" time="0.008"/>
  <system-out/>
</testsuite> <!-- mysele.AnnotationExample -->
