<?xml version="1.0" encoding="UTF-8"?>
<!-- Generated by org.testng.reporters.JUnitReportReporter -->
<testsuite hostname="DESKTOP-CBFC25M" failures="0" tests="5" name="mysele.TestEx123" time="0.025" errors="0" timestamp="2022-01-31T18:27:34 IST" skipped="0">
  <testcase classname="mysele.TestEx123" name="b_method" time="0.010"/>
  <system-out/>
  <testcase classname="mysele.TestEx123" name="a_method" time="0.010"/>
  <system-out/>
  <testcase classname="mysele.TestEx123" name="c_method" time="0.001"/>
  <system-out/>
  <testcase classname="mysele.TestEx123" name="d_method" time="0.002"/>
  <system-out/>
  <testcase classname="mysele.TestEx123" name="e_method" time="0.002"/>
  <system-out/>
</testsuite> <!-- mysele.TestEx123 -->
