<?xml version="1.0" encoding="UTF-8"?>
<!-- Generated by org.testng.reporters.JUnitReportReporter -->
<testsuite hostname="DESKTOP-CBFC25M" failures="0" tests="1" name="mysele.AssertDemo" time="2.742" errors="0" timestamp="2022-02-01T16:57:26 IST" skipped="0">
  <testcase classname="mysele.AssertDemo" name="verifyHomePage" time="2.742"/>
  <system-out/>
</testsuite> <!-- mysele.AssertDemo -->
