<?xml version="1.0" encoding="UTF-8"?>
<!-- Generated by org.testng.reporters.JUnitReportReporter -->
<testsuite hostname="DESKTOP-CBFC25M" failures="0" tests="3" name="mysele.GroupEx" time="0.024" errors="0" timestamp="2022-01-31T19:54:55 IST" skipped="0">
  <testcase classname="mysele.GroupEx" name="test4" time="0.012"/>
  <system-out/>
  <testcase classname="mysele.GroupEx" name="test5" time="0.002"/>
  <system-out/>
  <testcase classname="mysele.GroupEx" name="test2" time="0.010"/>
  <system-out/>
</testsuite> <!-- mysele.GroupEx -->
